<?xml version="1.0" encoding="UTF-8"?>
<testng-results skipped="0" failed="0" ignored="0" total="1" passed="1">
  <reporter-output>
  </reporter-output>
  <suite name="Default suite" duration-ms="26530" started-at="2021-03-21T11:57:37Z" finished-at="2021-03-21T11:58:03Z">
    <groups>
    </groups>
    <test name="Default test" duration-ms="26530" started-at="2021-03-21T11:57:37Z" finished-at="2021-03-21T11:58:03Z">
      <class name="TestCases.DemoElements">
        <test-method status="PASS" signature="onStart()[pri:0, instance:TestCases.DemoElements@29ca901e]" name="onStart" is-config="true" duration-ms="871" started-at="2021-03-21T11:57:36Z" finished-at="2021-03-21T11:57:37Z">
          <reporter-output>
          </reporter-output>
        </test-method> <!-- onStart -->
        <test-method status="PASS" signature="onMethodStrat(java.lang.reflect.Method)[pri:0, instance:TestCases.DemoElements@29ca901e]" name="onMethodStrat" is-config="true" duration-ms="1986" started-at="2021-03-21T11:57:37Z" finished-at="2021-03-21T11:57:39Z">
          <params>
            <param index="0">
              <value>
                <![CDATA[public void TestCases.DemoElements.DemoElements_demoElementTestcase(java.util.Map) throws java.lang.Exception]]>
              </value>
            </param>
          </params>
          <reporter-output>
          </reporter-output>
        </test-method> <!-- onMethodStrat -->
        <test-method status="PASS" signature="DemoElements_demoElementTestcase(java.util.Map)[pri:0, instance:TestCases.DemoElements@29ca901e]" name="DemoElements_demoElementTestcase" duration-ms="24275" started-at="2021-03-21T11:57:39Z" data-provider="TestData" finished-at="2021-03-21T11:58:03Z">
          <params>
            <param index="0">
              <value>
                <![CDATA[{RadioData=Yes, TextArea=Textarea commnets, FirstName=Aravind, CheckBoxData=Checkbox3, DropDown=Audi, LastName=Penumaka, Date=2018-07-22}]]>
              </value>
            </param>
          </params>
          <reporter-output>
          </reporter-output>
        </test-method> <!-- DemoElements_demoElementTestcase -->
        <test-method status="PASS" signature="onMethodEnd()[pri:0, instance:TestCases.DemoElements@29ca901e]" name="onMethodEnd" is-config="true" duration-ms="185" started-at="2021-03-21T11:58:03Z" finished-at="2021-03-21T11:58:03Z">
          <reporter-output>
          </reporter-output>
        </test-method> <!-- onMethodEnd -->
        <test-method status="PASS" signature="onFinish()[pri:0, instance:TestCases.DemoElements@29ca901e]" name="onFinish" is-config="true" duration-ms="1179" started-at="2021-03-21T11:58:03Z" finished-at="2021-03-21T11:58:05Z">
          <reporter-output>
          </reporter-output>
        </test-method> <!-- onFinish -->
      </class> <!-- TestCases.DemoElements -->
    </test> <!-- Default test -->
  </suite> <!-- Default suite -->
</testng-results>
