<?xml version="1.0" encoding="UTF-8"?>
<!-- Generated by org.testng.reporters.JUnitXMLReporter -->
<testsuite hostname="LAPTOP-19N1NVEG" ignored="2" name="Test" tests="2" failures="0" timestamp="19 Mar 2021 10:46:53 GMT" time="177.852" errors="0">
  <testcase name="DemoElements_demoElementTestcase" time="56.13" classname="TestCases.DemoElements"/>
  <testcase name="HRM_ApplyLeave" time="113.148" classname="TestCases.HRM"/>
  <testcase name="@BeforeSuite onStart" time="0.0" classname="BasePack.BaseClass">
    <ignored/>
  </testcase> <!-- @BeforeSuite onStart -->
  <testcase name="@AfterSuite onFinish" time="0.0" classname="BasePack.BaseClass">
    <ignored/>
  </testcase> <!-- @AfterSuite onFinish -->
</testsuite> <!-- Test -->
