<?xml version="1.0" encoding="UTF-8"?>
<testng-results skipped="0" failed="0" ignored="27" total="28" passed="1">
  <reporter-output>
  </reporter-output>
  <suite name="HCA" duration-ms="27525" started-at="2021-04-14T05:58:27Z" finished-at="2021-04-14T05:58:55Z">
    <groups>
    </groups>
    <test name="Test" duration-ms="27525" started-at="2021-04-14T05:58:27Z" finished-at="2021-04-14T05:58:55Z">
      <class name="testCases.Legal">
        <test-method status="PASS" signature="setUp(java.lang.String)[pri:0, instance:testCases.Legal@706a04ae]" name="setUp" is-config="true" duration-ms="1504" started-at="2021-04-14T05:58:26Z" finished-at="2021-04-14T05:58:27Z">
          <params>
            <param index="0">
              <value>
                <![CDATA[NGS_TestData]]>
              </value>
            </param>
          </params>
          <reporter-output>
          </reporter-output>
        </test-method> <!-- setUp -->
        <test-method status="PASS" signature="getScenarioName()[pri:0, instance:testCases.Legal@706a04ae]" name="getScenarioName" is-config="true" duration-ms="0" started-at="2021-04-14T05:58:27Z" finished-at="2021-04-14T05:58:27Z">
          <reporter-output>
          </reporter-output>
        </test-method> <!-- getScenarioName -->
        <test-method status="PASS" signature="initialize(org.testng.ITestContext, java.lang.reflect.Method)[pri:0, instance:testCases.Legal@706a04ae]" name="initialize" is-config="true" duration-ms="6140" started-at="2021-04-14T05:58:27Z" finished-at="2021-04-14T05:58:34Z">
          <params>
            <param index="0">
              <value>
                <![CDATA[org.testng.TestRunner@48284d0e]]>
              </value>
            </param>
            <param index="1">
              <value>
                <![CDATA[public void testCases.Legal.Legal_ConditionType_Judgement_003() throws java.lang.Throwable]]>
              </value>
            </param>
          </params>
          <reporter-output>
          </reporter-output>
        </test-method> <!-- initialize -->
        <test-method status="PASS" signature="Legal_ConditionType_Judgement_003()[pri:0, instance:testCases.Legal@706a04ae]" name="Legal_ConditionType_Judgement_003" duration-ms="13979" started-at="2021-04-14T05:58:34Z" finished-at="2021-04-14T05:58:48Z">
          <reporter-output>
          </reporter-output>
        </test-method> <!-- Legal_ConditionType_Judgement_003 -->
        <test-method status="PASS" signature="tearDown(java.lang.reflect.Method, org.testng.ITestResult)[pri:0, instance:testCases.Legal@706a04ae]" name="tearDown" is-config="true" duration-ms="7370" started-at="2021-04-14T05:58:48Z" finished-at="2021-04-14T05:58:55Z">
          <params>
            <param index="0">
              <value>
                <![CDATA[public void testCases.Legal.Legal_ConditionType_Judgement_003() throws java.lang.Throwable]]>
              </value>
            </param>
            <param index="1">
              <value>
                <![CDATA[[TestResult name=Legal_ConditionType_Judgement_003 status=SUCCESS method=Legal.Legal_ConditionType_Judgement_003()[pri:0, instance:testCases.Legal@706a04ae] output={null}]]]>
              </value>
            </param>
          </params>
          <reporter-output>
          </reporter-output>
        </test-method> <!-- tearDown -->
        <test-method status="PASS" signature="getResults()[pri:0, instance:testCases.Legal@706a04ae]" name="getResults" is-config="true" duration-ms="2245" started-at="2021-04-14T05:58:55Z" finished-at="2021-04-14T05:58:57Z">
          <reporter-output>
          </reporter-output>
        </test-method> <!-- getResults -->
      </class> <!-- testCases.Legal -->
    </test> <!-- Test -->
  </suite> <!-- HCA -->
</testng-results>
