<?xml version="1.0" encoding="UTF-8"?>
<testng-results skipped="0" failed="0" total="1" passed="1">
  <reporter-output>
  </reporter-output>
  <suite name="Default suite" duration-ms="26302" started-at="2021-03-18T10:57:07Z" finished-at="2021-03-18T10:57:33Z">
    <groups>
    </groups>
    <test name="Default test" duration-ms="26302" started-at="2021-03-18T10:57:07Z" finished-at="2021-03-18T10:57:33Z">
      <class name="TestCases.DemoElements">
        <test-method status="PASS" signature="onStart()[pri:0, instance:TestCases.DemoElements@73ad2d6]" name="onStart" is-config="true" duration-ms="771" started-at="2021-03-18T16:27:06Z" finished-at="2021-03-18T16:27:07Z">
          <reporter-output>
          </reporter-output>
        </test-method> <!-- onStart -->
        <test-method status="PASS" signature="onMethodStrat(java.lang.reflect.Method)[pri:0, instance:TestCases.DemoElements@73ad2d6]" name="onMethodStrat" is-config="true" duration-ms="2070" started-at="2021-03-18T16:27:07Z" finished-at="2021-03-18T16:27:09Z">
          <params>
            <param index="0">
              <value>
                <![CDATA[public void TestCases.DemoElements.DemoElements_demoElementTestcase(java.util.Map) throws java.lang.Exception]]>
              </value>
            </param>
          </params>
          <reporter-output>
          </reporter-output>
        </test-method> <!-- onMethodStrat -->
        <test-method status="PASS" signature="DemoElements_demoElementTestcase(java.util.Map)[pri:0, instance:TestCases.DemoElements@73ad2d6]" name="DemoElements_demoElementTestcase" duration-ms="24004" started-at="2021-03-18T16:27:09Z" data-provider="TestData" finished-at="2021-03-18T16:27:33Z">
          <params>
            <param index="0">
              <value>
                <![CDATA[{RadioData=Yes, TextArea=Textarea commnets, FirstName=Aravind, CheckBoxData=Checkbox3, DropDown=Audi, LastName=Penumaka, Date=2018-07-22}]]>
              </value>
            </param>
          </params>
          <reporter-output>
          </reporter-output>
        </test-method> <!-- DemoElements_demoElementTestcase -->
        <test-method status="PASS" signature="onMethodEnd()[pri:0, instance:TestCases.DemoElements@73ad2d6]" name="onMethodEnd" is-config="true" duration-ms="169" started-at="2021-03-18T16:27:33Z" finished-at="2021-03-18T16:27:33Z">
          <reporter-output>
          </reporter-output>
        </test-method> <!-- onMethodEnd -->
        <test-method status="PASS" signature="onFinish()[pri:0, instance:TestCases.DemoElements@73ad2d6]" name="onFinish" is-config="true" duration-ms="1060" started-at="2021-03-18T16:27:33Z" finished-at="2021-03-18T16:27:34Z">
          <reporter-output>
          </reporter-output>
        </test-method> <!-- onFinish -->
      </class> <!-- TestCases.DemoElements -->
    </test> <!-- Default test -->
  </suite> <!-- Default suite -->
</testng-results>
