<?xml version="1.0" encoding="UTF-8"?>
<!-- Generated by org.testng.reporters.JUnitXMLReporter -->
<testsuite hostname="LAPTOP-19N1NVEG" ignored="27" name="Test" tests="1" failures="0" timestamp="14 Apr 2021 05:58:55 GMT" time="27.525" errors="0">
  <testcase name="Legal_ConditionType_Judgement_003" time="13.979" classname="testCases.Legal"/>
  <testcase name="Legal_ConditionType_LegalAffidavitOfDefenseCRM_007" time="0.0" classname="testCases.Legal">
    <ignored/>
  </testcase> <!-- Legal_ConditionType_LegalAffidavitOfDefenseCRM_007 -->
  <testcase name="Legal_LegalApplication_VerifyRecoveryLitigationReferralForm_Customer_010" time="0.0" classname="testCases.Legal">
    <ignored/>
  </testcase> <!-- Legal_LegalApplication_VerifyRecoveryLitigationReferralForm_Customer_010 -->
  <testcase name="Legal_ConditionType_ForfeitureClosed_018" time="0.0" classname="testCases.Legal">
    <ignored/>
  </testcase> <!-- Legal_ConditionType_ForfeitureClosed_018 -->
  <testcase name="Legal_ConditionType_LegalNassauCountyCRM_008" time="0.0" classname="testCases.Legal">
    <ignored/>
  </testcase> <!-- Legal_ConditionType_LegalNassauCountyCRM_008 -->
  <testcase name="Legal_ConditionType_NassauCountyClosed_016" time="0.0" classname="testCases.Legal">
    <ignored/>
  </testcase> <!-- Legal_ConditionType_NassauCountyClosed_016 -->
  <testcase name="Legal_ConditionType_LegalImpoundCRM_003" time="0.0" classname="testCases.Legal">
    <ignored/>
  </testcase> <!-- Legal_ConditionType_LegalImpoundCRM_003 -->
  <testcase name="Legal_VerifyTheProcessingOf_LegalDepartmentHoldSR_014" time="0.0" classname="testCases.Legal">
    <ignored/>
  </testcase> <!-- Legal_VerifyTheProcessingOf_LegalDepartmentHoldSR_014 -->
  <testcase name="Legal_ConditionType_Forfeiture_017" time="0.0" classname="testCases.Legal">
    <ignored/>
  </testcase> <!-- Legal_ConditionType_Forfeiture_017 -->
  <testcase name="Legal_ConditionType_AffidavitOfDefense_013" time="0.0" classname="testCases.Legal">
    <ignored/>
  </testcase> <!-- Legal_ConditionType_AffidavitOfDefense_013 -->
  <testcase name="Legal_ConditionType_Impound_005" time="0.0" classname="testCases.Legal">
    <ignored/>
  </testcase> <!-- Legal_ConditionType_Impound_005 -->
  <testcase name="Legal_ConditionType_EstateSearch_007" time="0.0" classname="testCases.Legal">
    <ignored/>
  </testcase> <!-- Legal_ConditionType_EstateSearch_007 -->
  <testcase name="Legal_ConditionType_LegalEstateSearchCRM_004" time="0.0" classname="testCases.Legal">
    <ignored/>
  </testcase> <!-- Legal_ConditionType_LegalEstateSearchCRM_004 -->
  <testcase name="Legal_ConditionType_ImpoundClosed_006" time="0.0" classname="testCases.Legal">
    <ignored/>
  </testcase> <!-- Legal_ConditionType_ImpoundClosed_006 -->
  <testcase name="Legal_ConditionType_AttorneyRetained_019" time="0.0" classname="testCases.Legal">
    <ignored/>
  </testcase> <!-- Legal_ConditionType_AttorneyRetained_019 -->
  <testcase name="Legal_ConditionType_AffidavitOfDefenseClosed_014" time="0.0" classname="testCases.Legal">
    <ignored/>
  </testcase> <!-- Legal_ConditionType_AffidavitOfDefenseClosed_014 -->
  <testcase name="Legal_ConditionType_AttorneyRetainedClosed_020" time="0.0" classname="testCases.Legal">
    <ignored/>
  </testcase> <!-- Legal_ConditionType_AttorneyRetainedClosed_020 -->
  <testcase name="Legal_ConditionType_LegalAttorneyRetained_023" time="0.0" classname="testCases.Legal">
    <ignored/>
  </testcase> <!-- Legal_ConditionType_LegalAttorneyRetained_023 -->
  <testcase name="Legal_ConditionType_NassauCounty_015" time="0.0" classname="testCases.Legal">
    <ignored/>
  </testcase> <!-- Legal_ConditionType_NassauCounty_015 -->
  <testcase name="Legal_ConditionType_DepartmentHold_021" time="0.0" classname="testCases.Legal">
    <ignored/>
  </testcase> <!-- Legal_ConditionType_DepartmentHold_021 -->
  <testcase name="Legal_LegalApplication_VerifyRecoveryLitigationReferralForm_Attorney_011" time="0.0" classname="testCases.Legal">
    <ignored/>
  </testcase> <!-- Legal_LegalApplication_VerifyRecoveryLitigationReferralForm_Attorney_011 -->
  <testcase name="Legal_ConditionType_LegalJudgementCRM_002" time="0.0" classname="testCases.Legal">
    <ignored/>
  </testcase> <!-- Legal_ConditionType_LegalJudgementCRM_002 -->
  <testcase name="Legal_VerifyTheProcessingOf_LegalAttorneyRetainedSR_013" time="0.0" classname="testCases.Legal">
    <ignored/>
  </testcase> <!-- Legal_VerifyTheProcessingOf_LegalAttorneyRetainedSR_013 -->
  <testcase name="Legal_ConditionType_DepartmentHoldClosed_022" time="0.0" classname="testCases.Legal">
    <ignored/>
  </testcase> <!-- Legal_ConditionType_DepartmentHoldClosed_022 -->
  <testcase name="Legal_VerifyTheProcessingOf_LegalAttorneyRetainedSR_012" time="0.0" classname="testCases.Legal">
    <ignored/>
  </testcase> <!-- Legal_VerifyTheProcessingOf_LegalAttorneyRetainedSR_012 -->
  <testcase name="Legal_ConditionType_DemandClosed_012" time="0.0" classname="testCases.Legal">
    <ignored/>
  </testcase> <!-- Legal_ConditionType_DemandClosed_012 -->
  <testcase name="Legal_ConditionType_JudgementClosed_004" time="0.0" classname="testCases.Legal">
    <ignored/>
  </testcase> <!-- Legal_ConditionType_JudgementClosed_004 -->
  <testcase name="Legal_ConditionType_LegalDepartmentHold_024" time="0.0" classname="testCases.Legal">
    <ignored/>
  </testcase> <!-- Legal_ConditionType_LegalDepartmentHold_024 -->
</testsuite> <!-- Test -->
